{"C:\\Users\\user\\final-mern2\\server\\src\\config\\db.ts": {"path":"C:\\Users\\user\\final-mern2\\server\\src\\config\\db.ts","statementMap":{"0":{"start":{"line":3,"column":0},"end":{"line":3,"column":7}},"1":{"start":{"line":1,"column":0},"end":{"line":1,"column":32}},"2":{"start":{"line":4,"column":2},"end":{"line":10,"column":3}},"3":{"start":{"line":5,"column":4},"end":{"line":5,"column":51}},"4":{"start":{"line":6,"column":4},"end":{"line":6,"column":39}},"5":{"start":{"line":8,"column":4},"end":{"line":8,"column":53}},"6":{"start":{"line":9,"column":4},"end":{"line":9,"column":20}}},"fnMap":{"0":{"name":"connectDB","decl":{"start":{"line":3,"column":22},"end":{"line":3,"column":31}},"loc":{"start":{"line":3,"column":31},"end":{"line":11,"column":1}}}},"branchMap":{},"s":{"0":0,"1":0,"2":0,"3":0,"4":0,"5":0,"6":0},"f":{"0":0},"b":{}}
,"C:\\Users\\user\\final-mern2\\server\\src\\graphql\\context.ts": {"path":"C:\\Users\\user\\final-mern2\\server\\src\\graphql\\context.ts","statementMap":{"0":{"start":{"line":7,"column":0},"end":{"line":7,"column":16}},"1":{"start":{"line":1,"column":0},"end":{"line":1,"column":43}},"2":{"start":{"line":8,"column":15},"end":{"line":8,"column":40}},"3":{"start":{"line":10,"column":2},"end":{"line":12,"column":3}},"4":{"start":{"line":11,"column":4},"end":{"line":11,"column":28}},"5":{"start":{"line":14,"column":16},"end":{"line":14,"column":43}},"6":{"start":{"line":16,"column":2},"end":{"line":21,"column":3}},"7":{"start":{"line":17,"column":20},"end":{"line":17,"column":38}},"8":{"start":{"line":18,"column":4},"end":{"line":18,"column":38}},"9":{"start":{"line":20,"column":4},"end":{"line":20,"column":28}}},"fnMap":{"0":{"name":"buildContext","decl":{"start":{"line":7,"column":16},"end":{"line":7,"column":28}},"loc":{"start":{"line":7,"column":41},"end":{"line":22,"column":1}}}},"branchMap":{"0":{"loc":{"start":{"line":10,"column":2},"end":{"line":12,"column":3}},"type":"if","locations":[{"start":{"line":10,"column":2},"end":{"line":12,"column":3}},{"start":{},"end":{}}]}},"s":{"0":0,"1":0,"2":0,"3":0,"4":0,"5":0,"6":0,"7":0,"8":0,"9":0},"f":{"0":0},"b":{"0":[0,0]}}
,"C:\\Users\\user\\final-mern2\\server\\src\\graphql\\pubsub.ts": {"path":"C:\\Users\\user\\final-mern2\\server\\src\\graphql\\pubsub.ts","statementMap":{"0":{"start":{"line":1,"column":0},"end":{"line":1,"column":47}},"1":{"start":{"line":3,"column":13},"end":{"line":3,"column":35}},"2":{"start":{"line":5,"column":13},"end":{"line":11,"column":2}}},"fnMap":{},"branchMap":{},"s":{"0":0,"1":0,"2":0},"f":{},"b":{}}
,"C:\\Users\\user\\final-mern2\\server\\src\\graphql\\typeDefs.ts": {"path":"C:\\Users\\user\\final-mern2\\server\\src\\graphql\\typeDefs.ts","statementMap":{"0":{"start":{"line":1,"column":13},"end":{"line":91,"column":2}}},"fnMap":{},"branchMap":{},"s":{"0":0},"f":{},"b":{}}
,"C:\\Users\\user\\final-mern2\\server\\src\\models\\Comment.model.ts": {"path":"C:\\Users\\user\\final-mern2\\server\\src\\models\\Comment.model.ts","statementMap":{"0":{"start":{"line":1,"column":0},"end":{"line":1,"column":51}},"1":{"start":{"line":12,"column":22},"end":{"line":25,"column":null}},"2":{"start":{"line":28,"column":13},"end":{"line":29,"column":82}}},"fnMap":{},"branchMap":{"0":{"loc":{"start":{"line":29,"column":2},"end":{"line":29,"column":81}},"type":"binary-expr","locations":[{"start":{"line":29,"column":2},"end":{"line":29,"column":25}},{"start":{"line":29,"column":29},"end":{"line":29,"column":81}}]}},"s":{"0":0,"1":0,"2":0},"f":{},"b":{"0":[0,0]}}
,"C:\\Users\\user\\final-mern2\\server\\src\\models\\Task.model.ts": {"path":"C:\\Users\\user\\final-mern2\\server\\src\\models\\Task.model.ts","statementMap":{"0":{"start":{"line":1,"column":0},"end":{"line":1,"column":61}},"1":{"start":{"line":15,"column":19},"end":{"line":58,"column":null}},"2":{"start":{"line":61,"column":13},"end":{"line":62,"column":68}}},"fnMap":{},"branchMap":{"0":{"loc":{"start":{"line":62,"column":2},"end":{"line":62,"column":67}},"type":"binary-expr","locations":[{"start":{"line":62,"column":2},"end":{"line":62,"column":22}},{"start":{"line":62,"column":26},"end":{"line":62,"column":67}}]}},"s":{"0":0,"1":0,"2":0},"f":{},"b":{"0":[0,0]}}
,"C:\\Users\\user\\final-mern2\\server\\src\\models\\User.model.ts": {"path":"C:\\Users\\user\\final-mern2\\server\\src\\models\\User.model.ts","statementMap":{"0":{"start":{"line":1,"column":0},"end":{"line":1,"column":54}},"1":{"start":{"line":13,"column":19},"end":{"line":46,"column":null}},"2":{"start":{"line":49,"column":13},"end":{"line":50,"column":68}}},"fnMap":{},"branchMap":{"0":{"loc":{"start":{"line":50,"column":2},"end":{"line":50,"column":67}},"type":"binary-expr","locations":[{"start":{"line":50,"column":2},"end":{"line":50,"column":22}},{"start":{"line":50,"column":26},"end":{"line":50,"column":67}}]}},"s":{"0":0,"1":0,"2":0},"f":{},"b":{"0":[0,0]}}
,"C:\\Users\\user\\final-mern2\\server\\src\\models\\Workspace.model.ts": {"path":"C:\\Users\\user\\final-mern2\\server\\src\\models\\Workspace.model.ts","statementMap":{"0":{"start":{"line":1,"column":0},"end":{"line":1,"column":61}},"1":{"start":{"line":13,"column":24},"end":{"line":46,"column":null}},"2":{"start":{"line":49,"column":13},"end":{"line":51,"column":59}}},"fnMap":{},"branchMap":{"0":{"loc":{"start":{"line":50,"column":2},"end":{"line":51,"column":58}},"type":"binary-expr","locations":[{"start":{"line":50,"column":2},"end":{"line":50,"column":27}},{"start":{"line":51,"column":2},"end":{"line":51,"column":58}}]}},"s":{"0":0,"1":0,"2":0},"f":{},"b":{"0":[0,0]}}
}
