TN:
SF:src\config\db.ts
FN:3,connectDB
FNF:1
FNH:0
FNDA:0,connectDB
DA:1,0
DA:3,0
DA:4,0
DA:5,0
DA:6,0
DA:8,0
DA:9,0
LF:7
LH:0
BRF:0
BRH:0
end_of_record
TN:
SF:src\graphql\context.ts
FN:7,buildContext
FNF:1
FNH:0
FNDA:0,buildContext
DA:1,0
DA:7,0
DA:8,0
DA:10,0
DA:11,0
DA:14,0
DA:16,0
DA:17,0
DA:18,0
DA:20,0
LF:10
LH:0
BRDA:10,0,0,0
BRDA:10,0,1,0
BRF:2
BRH:0
end_of_record
TN:
SF:src\graphql\pubsub.ts
FNF:0
FNH:0
DA:1,0
DA:3,0
DA:5,0
LF:3
LH:0
BRF:0
BRH:0
end_of_record
TN:
SF:src\graphql\typeDefs.ts
FNF:0
FNH:0
DA:1,0
LF:1
LH:0
BRF:0
BRH:0
end_of_record
TN:
SF:src\models\Comment.model.ts
FNF:0
FNH:0
DA:1,0
DA:12,0
DA:28,0
LF:3
LH:0
BRDA:29,0,0,0
BRDA:29,0,1,0
BRF:2
BRH:0
end_of_record
TN:
SF:src\models\Task.model.ts
FNF:0
FNH:0
DA:1,0
DA:15,0
DA:61,0
LF:3
LH:0
BRDA:62,0,0,0
BRDA:62,0,1,0
BRF:2
BRH:0
end_of_record
TN:
SF:src\models\User.model.ts
FNF:0
FNH:0
DA:1,0
DA:13,0
DA:49,0
LF:3
LH:0
BRDA:50,0,0,0
BRDA:50,0,1,0
BRF:2
BRH:0
end_of_record
TN:
SF:src\models\Workspace.model.ts
FNF:0
FNH:0
DA:1,0
DA:13,0
DA:49,0
LF:3
LH:0
BRDA:50,0,0,0
BRDA:50,0,1,0
BRF:2
BRH:0
end_of_record
